<?xml version="1.0" encoding="UTF-8"?>
<!-- Generated by org.testng.reporters.JUnitReportReporter -->
<testsuite hostname="Acharya" failures="0" tests="1" name="Http_Methods_Practise.Get_Example" time="1.775" errors="0" timestamp="2023-10-25T10:08:31 IST" skipped="0">
  <testcase classname="Http_Methods_Practise.Get_Example" name="getReq" time="1.775"/>
</testsuite> <!-- Http_Methods_Practise.Get_Example -->
