<?xml version="1.0" encoding="UTF-8"?>
<!-- Generated by org.testng.reporters.JUnitReportReporter -->
<testsuite hostname="Acharya" failures="0" tests="1" name="HTTP_COncepts_In_Rest_Assured.GET_EXAMPLE_3" time="2.601" errors="0" timestamp="2023-10-25T10:52:39 IST" skipped="0">
  <testcase classname="HTTP_COncepts_In_Rest_Assured.GET_EXAMPLE_3" name="ex_3" time="2.601"/>
</testsuite> <!-- HTTP_COncepts_In_Rest_Assured.GET_EXAMPLE_3 -->
