<?xml version="1.0" encoding="UTF-8"?>
<!-- Generated by org.testng.reporters.JUnitReportReporter -->
<testsuite hostname="Acharya" failures="0" tests="1" name="HTTP_COncepts_In_Rest_Assured.POST_EXAMPLE_1" time="2.384" errors="0" timestamp="2023-09-15T13:05:22 IST" skipped="0">
  <testcase classname="HTTP_COncepts_In_Rest_Assured.POST_EXAMPLE_1" name="postEX" time="2.384"/>
</testsuite> <!-- HTTP_COncepts_In_Rest_Assured.POST_EXAMPLE_1 -->
