<?xml version="1.0" encoding="UTF-8"?>
<!-- Generated by org.testng.reporters.JUnitReportReporter -->
<testsuite hostname="Acharya" failures="0" tests="1" name="Http_Methods_Practise.Two_Objects_In_Json_Post" time="2.823" errors="0" timestamp="2023-10-25T11:45:43 IST" skipped="0">
  <testcase classname="Http_Methods_Practise.Two_Objects_In_Json_Post" name="p1" time="2.823"/>
</testsuite> <!-- Http_Methods_Practise.Two_Objects_In_Json_Post -->
