<?xml version="1.0" encoding="UTF-8"?>
<!-- Generated by org.testng.reporters.JUnitReportReporter -->
<testsuite hostname="Acharya" failures="0" tests="1" name="HTTP_COncepts_In_Rest_Assured.GET_EXAMPLE_1" time="2.606" errors="0" timestamp="2023-09-14T19:54:28 IST" skipped="0">
  <testcase classname="HTTP_COncepts_In_Rest_Assured.GET_EXAMPLE_1" name="VerifyGet" time="2.606"/>
</testsuite> <!-- HTTP_COncepts_In_Rest_Assured.GET_EXAMPLE_1 -->
