<?xml version="1.0" encoding="UTF-8"?>
<!-- Generated by org.testng.reporters.JUnitReportReporter -->
<testsuite hostname="Acharya" failures="0" tests="1" name="HTTP_COncepts_In_Rest_Assured.GET_EXAMPLE_2" time="1.885" errors="0" timestamp="2023-09-14T20:16:38 IST" skipped="0">
  <testcase classname="HTTP_COncepts_In_Rest_Assured.GET_EXAMPLE_2" name="ex2" time="1.885"/>
</testsuite> <!-- HTTP_COncepts_In_Rest_Assured.GET_EXAMPLE_2 -->
