<?xml version="1.0" encoding="UTF-8"?>
<!-- Generated by org.testng.reporters.JUnitReportReporter -->
<testsuite hostname="Acharya" failures="0" tests="1" name="Http_Methods_Practise.Get_Check_Body" time="2.628" errors="0" timestamp="2023-10-25T11:01:54 IST" skipped="0">
  <testcase classname="Http_Methods_Practise.Get_Check_Body" name="chekBody" time="2.628"/>
</testsuite> <!-- Http_Methods_Practise.Get_Check_Body -->
