<?xml version="1.0" encoding="UTF-8"?>
<!-- Generated by org.testng.reporters.JUnitReportReporter -->
<testsuite hostname="Acharya" failures="0" tests="1" name="Http_Methods_Practise.Post_Req" time="2.531" errors="0" timestamp="2023-10-25T11:02:46 IST" skipped="0">
  <testcase classname="Http_Methods_Practise.Post_Req" name="postReq" time="2.531"/>
</testsuite> <!-- Http_Methods_Practise.Post_Req -->
